Working directory will be set to ana root: /Users/serj/s13_ana
Will make scattering tree for run. no.: 211
Adding file to chain: rootfiles/run211-BRIPSPla.root
Adding file to chain: rootfiles/run211-BDCs.root
Adding file to chain: rootfiles/run211-DSDCs.root
Adding file to chain: rootfiles/run211-FDC2.root
Adding file to chain: rootfiles/run211-ESPRI.root
Adding file to chain: rootfiles/run211-HODF.root
[DEBUG:NaiArrayBox()] Constructing NaI array...
[DEBUG:NaiCrystalBox()] Constructing NaI box with ID: 0 and center coodinates (X, Y, Z): (0, 215, 275)
[DEBUG:NaiCrystalBox()] Constructing NaI box with ID: 1 and center coodinates (X, Y, Z): (0, 160, 405)
[DEBUG:NaiCrystalBox()] Constructing NaI box with ID: 2 and center coodinates (X, Y, Z): (0, 69, 275)
[DEBUG:NaiCrystalBox()] Constructing NaI box with ID: 3 and center coodinates (X, Y, Z): (0, -5, 405)
[DEBUG:NaiCrystalBox()] Constructing NaI box with ID: 4 and center coodinates (X, Y, Z): (0, -80, 275)
[DEBUG:NaiCrystalBox()] Constructing NaI box with ID: 5 and center coodinates (X, Y, Z): (0, -170, 405)
[DEBUG:NaiCrystalBox()] Constructing NaI box with ID: 6 and center coodinates (X, Y, Z): (0, -220, 275)
Loading kinematics data file: data/he4_kin.csv...
Loading kinematics data file: data/he6_kin.csv...
Loading stopping power file: data/p_in_BC400.csv...
Loading stopping power file: data/p_in_brass.csv...
Loading calib. consts for NaIs from : data/esl_nai_calib.csv...
Loading calib. consts for NaIs from : data/esr_nai_calib.csv...
Loading calib. consts for NaIs from : data/esl_nai_calib.csv...
Loading calib. consts for NaIs from : data/esr_nai_calib.csv...
Left ESPRI NaIs calibration constants (pedestal [ch]; cal. fact [MeV/ch]):
	1;	0.0472569
	1;	0.0496189
	1;	0.0474831
	1;	0.0496689
	1;	0.0467578
	1;	0.0555299
	1;	0.0508642
Right ESPRI NaIs calibration constants (pedestal [ch]; cal. fact [MeV/ch]):
	1;	0.055666
	1;	0.0533441
	1;	0.0514795
	1;	0.0532257
	1;	0.0527192
	1;	0.0556198
	1;	0.0578967
Loading calib. consts for ESPRI pdEs from: data/es_pde_calib.csv...
Loading calib. consts for ESPRI pdEs from: data/es_pde_calib.csv...
ESPRI pdE calibration constants (pedestal [ch]; cal. fact [MeV/ch]):
	Left pdE:  221.504;	0.00712093
	Right pdE: 214.944;	0.00776123
Loading proton E kinematics from file: data/he6_kin_E.csv...
Loading proton E kinematics from file: data/he4_kin_E.csv...
Loading proton angular corrections file: data/p_4he_esl_theta_eff_vs_theta_meas.csv...
Loading proton angular corrections file: data/p_4he_esr_theta_eff_vs_theta_meas.csv...
Loading proton angular corrections file: data/p_6he_esl_theta_eff_vs_theta_meas.csv...
Loading proton angular corrections file: data/p_6he_esr_theta_eff_vs_theta_meas.csv...
Loading proton angular corrections file: data/p_4he_esl_theta_eff_vs_theta_meas.csv...
Loading proton angular corrections file: data/p_4he_esr_theta_eff_vs_theta_meas.csv...
Loading proton angular corrections file: data/p_6he_esl_theta_eff_vs_theta_meas.csv...
Loading proton angular corrections file: data/p_6he_esr_theta_eff_vs_theta_meas.csv...
Raw tree converter initialized.
Starting conversion of a raw tree...
Number of events in the input tree: 1044958
Converted: 0 events.
Converted: 50000 events.
Converted: 100000 events.
Converted: 150000 events.
Converted: 200000 events.
Converted: 250000 events.
Converted: 300000 events.
Converted: 350000 events.
Converted: 400000 events.
Converted: 450000 events.
Converted: 500000 events.
Converted: 550000 events.
Converted: 600000 events.
Converted: 650000 events.
Converted: 700000 events.
Converted: 750000 events.
Converted: 800000 events.
Converted: 850000 events.
Converted: 900000 events.
Converted: 950000 events.
Converted: 1000000 events.
Tree conversion finished. Output filename: scattree_rootfiles/scattree_run211.root
Total event number converted: 1044958
Number of events with good proton data: 148273
Number of events with bad proton data: 657847
Number of events with invalid NaI data: 13
Number of invalid NaI PMT values: 1072747
