Working directory will be set to ana root: /Users/serj/s13_ana
Will make scattering tree for run. no.: 296
Adding file to chain: rootfiles/run296-BRIPSPla.root
Adding file to chain: rootfiles/run296-BDCs.root
Adding file to chain: rootfiles/run296-DSDCs.root
Adding file to chain: rootfiles/run296-FDC2.root
Adding file to chain: rootfiles/run296-ESPRI.root
Adding file to chain: rootfiles/run296-HODF.root
[DEBUG:NaiArrayBox()] Constructing NaI array...
[DEBUG:NaiCrystalBox()] Constructing NaI box with ID: 0 and center coodinates (X, Y, Z): (0, 215, 275)
[DEBUG:NaiCrystalBox()] Constructing NaI box with ID: 1 and center coodinates (X, Y, Z): (0, 160, 405)
[DEBUG:NaiCrystalBox()] Constructing NaI box with ID: 2 and center coodinates (X, Y, Z): (0, 69, 275)
[DEBUG:NaiCrystalBox()] Constructing NaI box with ID: 3 and center coodinates (X, Y, Z): (0, -5, 405)
[DEBUG:NaiCrystalBox()] Constructing NaI box with ID: 4 and center coodinates (X, Y, Z): (0, -80, 275)
[DEBUG:NaiCrystalBox()] Constructing NaI box with ID: 5 and center coodinates (X, Y, Z): (0, -170, 405)
[DEBUG:NaiCrystalBox()] Constructing NaI box with ID: 6 and center coodinates (X, Y, Z): (0, -220, 275)
Loading kinematics data file: data/he4_kin.csv...
Loading kinematics data file: data/he6_kin.csv...
Loading stopping power file: data/p_in_BC400.csv...
Loading stopping power file: data/p_in_brass.csv...
Loading calib. consts for NaIs from : data/esl_nai_calib.csv...
Loading calib. consts for NaIs from : data/esr_nai_calib.csv...
Loading calib. consts for NaIs from : data/esl_nai_calib.csv...
Loading calib. consts for NaIs from : data/esr_nai_calib.csv...
Left ESPRI NaIs calibration constants (pedestal [ch]; cal. fact [MeV/ch]):
	1;	0.0453967
	1;	0.0501136
	1;	0.0516657
	1;	0.044219
	1;	0.0484144
	1;	0.0617707
	1;	0.0515237
Right ESPRI NaIs calibration constants (pedestal [ch]; cal. fact [MeV/ch]):
	1;	0.0525661
	1;	0.0538655
	1;	0.0539392
	1;	0.0554117
	1;	0.0553355
	1;	0.0561178
	1;	0.0554687
Loading calib. consts for ESPRI pdEs from: data/es_pde_calib.csv...
Loading calib. consts for ESPRI pdEs from: data/es_pde_calib.csv...
ESPRI pdE calibration constants (pedestal [ch]; cal. fact [MeV/ch]):
	Left pdE:  221.504;	0.00712093
	Right pdE: 214.944;	0.00776123
Loading proton E kinematics from file: data/he6_kin_E.csv...
Loading proton E kinematics from file: data/he4_kin_E.csv...
Loading proton angular corrections file: data/p_4he_esl_theta_eff_vs_theta_meas.csv...
Loading proton angular corrections file: data/p_4he_esr_theta_eff_vs_theta_meas.csv...
Loading proton angular corrections file: data/p_6he_esl_theta_eff_vs_theta_meas.csv...
Loading proton angular corrections file: data/p_6he_esr_theta_eff_vs_theta_meas.csv...
Loading proton angular corrections file: data/p_4he_esl_theta_eff_vs_theta_meas.csv...
Loading proton angular corrections file: data/p_4he_esr_theta_eff_vs_theta_meas.csv...
Loading proton angular corrections file: data/p_6he_esl_theta_eff_vs_theta_meas.csv...
Loading proton angular corrections file: data/p_6he_esr_theta_eff_vs_theta_meas.csv...
Raw tree converter initialized.
Starting conversion of a raw tree...
Number of events in the input tree: 0
Tree conversion finished. Output filename: scattree_rootfiles/scattree_run296.root
Total event number converted: 0
Number of events with good proton data: 0
Number of events with bad proton data: 0
Number of events with invalid NaI data: 0
Number of invalid NaI PMT values: 0
